18:43:33.721 [main] INFO  org.testng.log4testng.Logger.info(Logger.java:112)oggger - [TestNG] Running:
  C:\Users\user\eclipse-workspace\OpencartV121\groups.xml

18:45:18.703 [main] DEBUG org.testng.log4testng.Logger.debug(Logger.java:82)oggger - suiteXmlPath: "C:\Users\user\eclipse-workspace\OpencartV121\groups.xml"
18:45:18.914 [main] INFO  org.testng.log4testng.Logger.info(Logger.java:112)oggger - [TestNG] Running:
  C:\Users\user\eclipse-workspace\OpencartV121\groups.xml

18:45:22.200 [main] INFO  testCases.TC_002LoginTest.verify_login(TC_002LoginTest.java:19)oggger - **** Login Test Started ******
18:45:24.366 [main] INFO  testCases.TC_002LoginTest.verify_login(TC_002LoginTest.java:40)oggger - Login Test Finished
18:48:50.805 [main] DEBUG org.testng.log4testng.Logger.debug(Logger.java:82)oggger - suiteXmlPath: "C:\Users\user\eclipse-workspace\OpencartV121\groups.xml"
18:48:51.020 [main] INFO  org.testng.log4testng.Logger.info(Logger.java:112)oggger - [TestNG] Running:
  C:\Users\user\eclipse-workspace\OpencartV121\groups.xml

18:48:53.392 [main] INFO  testCases.TC_002LoginTest.verify_login(TC_002LoginTest.java:19)oggger - **** Login Test Started ******
18:48:54.834 [main] INFO  testCases.TC_002LoginTest.verify_login(TC_002LoginTest.java:40)oggger - Login Test Finished
18:42:32.708 [main] DEBUG org.testng.log4testng.Logger.debug(Logger.java:82)oggger - suiteXmlPath: "C:\Users\user\eclipse-workspace\OpencartV121\master.xml"
18:42:33.100 [main] INFO  org.testng.log4testng.Logger.info(Logger.java:112)oggger - [TestNG] Running:
  C:\Users\user\eclipse-workspace\OpencartV121\master.xml

18:42:38.880 [main] INFO  testCases.TC_002LoginTest.verify_login(TC_002LoginTest.java:19)oggger - **** Login Test Started ******
18:42:40.198 [main] INFO  testCases.TC_002LoginTest.verify_login(TC_002LoginTest.java:40)oggger - Login Test Finished
18:58:46.001 [main] DEBUG org.testng.log4testng.Logger.debug(Logger.java:82)oggger - suiteXmlPath: "C:\Users\user\eclipse-workspace\OpencartV121\master.xml"
18:58:46.310 [main] INFO  org.testng.log4testng.Logger.info(Logger.java:112)oggger - [TestNG] Running:
  C:\Users\user\eclipse-workspace\OpencartV121\master.xml

18:58:49.405 [main] INFO  testCases.TC_002LoginTest.verify_login(TC_002LoginTest.java:19)oggger - **** Login Test Started ******
23:06:26.427 [main] DEBUG org.testng.log4testng.Logger.debug(Logger.java:82)oggger - suiteXmlPath: "C:\Users\user\eclipse-workspace\OpencartV121\crossBrowsertesting.xml"
23:06:26.619 [main] INFO  org.testng.log4testng.Logger.info(Logger.java:112)oggger - [TestNG] Running:
  C:\Users\user\eclipse-workspace\OpencartV121\crossBrowsertesting.xml

23:06:30.135 [main] INFO  testCases.TC_001AccountRegistration.accountReg(TC_001AccountRegistration.java:23)oggger - ****** STARTING TC_001AccountRegistration *****
23:06:30.241 [main] INFO  testCases.TC_001AccountRegistration.accountReg(TC_001AccountRegistration.java:29)oggger - ********* clicked on My Account *********
23:06:30.616 [main] INFO  testCases.TC_001AccountRegistration.accountReg(TC_001AccountRegistration.java:31)oggger - ********* clicked on My Registration *********
23:06:30.618 [main] INFO  testCases.TC_001AccountRegistration.accountReg(TC_001AccountRegistration.java:34)oggger - ******Providing customer details.******
23:06:31.747 [main] INFO  testCases.TC_001AccountRegistration.accountReg(TC_001AccountRegistration.java:44)oggger - ******Clicked on continue button******
23:06:34.783 [main] INFO  testCases.TC_001AccountRegistration.accountReg(TC_001AccountRegistration.java:47)oggger - ******Validating expected message******
23:06:34.783 [main] INFO  testCases.TC_001AccountRegistration.accountReg(TC_001AccountRegistration.java:64)oggger - ****** Finished TC_001AccountRegistration *****
23:06:40.412 [main] INFO  testCases.TC_001AccountRegistration.accountReg(TC_001AccountRegistration.java:23)oggger - ****** STARTING TC_001AccountRegistration *****
23:06:40.523 [main] INFO  testCases.TC_001AccountRegistration.accountReg(TC_001AccountRegistration.java:29)oggger - ********* clicked on My Account *********
23:06:40.846 [main] INFO  testCases.TC_001AccountRegistration.accountReg(TC_001AccountRegistration.java:31)oggger - ********* clicked on My Registration *********
23:06:40.846 [main] INFO  testCases.TC_001AccountRegistration.accountReg(TC_001AccountRegistration.java:34)oggger - ******Providing customer details.******
23:06:41.796 [main] INFO  testCases.TC_001AccountRegistration.accountReg(TC_001AccountRegistration.java:44)oggger - ******Clicked on continue button******
23:06:44.823 [main] INFO  testCases.TC_001AccountRegistration.accountReg(TC_001AccountRegistration.java:47)oggger - ******Validating expected message******
23:06:44.823 [main] INFO  testCases.TC_001AccountRegistration.accountReg(TC_001AccountRegistration.java:64)oggger - ****** Finished TC_001AccountRegistration *****
23:06:47.725 [main] INFO  testCases.TC_001AccountRegistration.accountReg(TC_001AccountRegistration.java:23)oggger - ****** STARTING TC_001AccountRegistration *****
