16:46:42.524 [main] INFO  testCases.TC003_LoginDDT.verify_login(TC003_LoginDDT.java:26)oggger - **** TC003 Login Test Started ******
16:46:53.587 [main] INFO  testCases.TC003_LoginDDT.verify_login(TC003_LoginDDT.java:70)oggger - TC 003Login Test Finished
16:46:53.591 [main] INFO  testCases.TC003_LoginDDT.verify_login(TC003_LoginDDT.java:26)oggger - **** TC003 Login Test Started ******
16:47:04.539 [main] INFO  testCases.TC003_LoginDDT.verify_login(TC003_LoginDDT.java:70)oggger - TC 003Login Test Finished
16:47:04.544 [main] INFO  testCases.TC003_LoginDDT.verify_login(TC003_LoginDDT.java:26)oggger - **** TC003 Login Test Started ******
16:47:15.194 [main] INFO  testCases.TC003_LoginDDT.verify_login(TC003_LoginDDT.java:70)oggger - TC 003Login Test Finished
16:47:15.196 [main] INFO  testCases.TC003_LoginDDT.verify_login(TC003_LoginDDT.java:26)oggger - **** TC003 Login Test Started ******
16:47:25.824 [main] INFO  testCases.TC003_LoginDDT.verify_login(TC003_LoginDDT.java:70)oggger - TC 003Login Test Finished
16:47:25.829 [main] INFO  testCases.TC003_LoginDDT.verify_login(TC003_LoginDDT.java:26)oggger - **** TC003 Login Test Started ******
16:47:36.470 [main] INFO  testCases.TC003_LoginDDT.verify_login(TC003_LoginDDT.java:70)oggger - TC 003Login Test Finished
16:47:36.474 [main] INFO  testCases.TC003_LoginDDT.verify_login(TC003_LoginDDT.java:26)oggger - **** TC003 Login Test Started ******
16:47:47.079 [main] INFO  testCases.TC003_LoginDDT.verify_login(TC003_LoginDDT.java:70)oggger - TC 003Login Test Finished
16:47:47.082 [main] INFO  testCases.TC003_LoginDDT.verify_login(TC003_LoginDDT.java:26)oggger - **** TC003 Login Test Started ******
16:47:58.239 [main] INFO  testCases.TC003_LoginDDT.verify_login(TC003_LoginDDT.java:70)oggger - TC 003Login Test Finished
16:47:58.243 [main] INFO  testCases.TC003_LoginDDT.verify_login(TC003_LoginDDT.java:26)oggger - **** TC003 Login Test Started ******
16:48:08.818 [main] INFO  testCases.TC003_LoginDDT.verify_login(TC003_LoginDDT.java:70)oggger - TC 003Login Test Finished
16:48:08.820 [main] INFO  testCases.TC003_LoginDDT.verify_login(TC003_LoginDDT.java:26)oggger - **** TC003 Login Test Started ******
16:48:19.421 [main] INFO  testCases.TC003_LoginDDT.verify_login(TC003_LoginDDT.java:70)oggger - TC 003Login Test Finished
16:48:19.425 [main] INFO  testCases.TC003_LoginDDT.verify_login(TC003_LoginDDT.java:26)oggger - **** TC003 Login Test Started ******
16:48:30.537 [main] INFO  testCases.TC003_LoginDDT.verify_login(TC003_LoginDDT.java:70)oggger - TC 003Login Test Finished
17:05:22.274 [main] DEBUG org.testng.log4testng.Logger.debug(Logger.java:82)oggger - suiteXmlPath: "C:\Users\user\eclipse-workspace\OpencartV121\SanitySuite.xml"
17:06:05.470 [main] DEBUG org.testng.log4testng.Logger.debug(Logger.java:82)oggger - suiteXmlPath: "C:\Users\user\eclipse-workspace\OpencartV121\SanitySuite.xml"
17:06:44.062 [main] DEBUG org.testng.log4testng.Logger.debug(Logger.java:82)oggger - suiteXmlPath: "C:\Users\user\eclipse-workspace\OpencartV121\SanitySuite.xml"
17:14:09.277 [main] DEBUG org.testng.log4testng.Logger.debug(Logger.java:82)oggger - suiteXmlPath: "C:\Users\user\eclipse-workspace\OpencartV121\SanitySuite.xml"
17:14:09.541 [main] INFO  org.testng.log4testng.Logger.info(Logger.java:112)oggger - [TestNG] Running:
  C:\Users\user\eclipse-workspace\OpencartV121\SanitySuite.xml

17:25:02.407 [main] DEBUG org.testng.log4testng.Logger.debug(Logger.java:82)oggger - suiteXmlPath: "C:\Users\user\eclipse-workspace\OpencartV121\SanitySuite.xml"
17:25:02.614 [main] INFO  org.testng.log4testng.Logger.info(Logger.java:112)oggger - [TestNG] Running:
  C:\Users\user\eclipse-workspace\OpencartV121\SanitySuite.xml

17:25:11.201 [main] INFO  testCases.TC_002LoginTest.verify_login(TC_002LoginTest.java:19)oggger - **** Login Test Started ******
17:25:12.599 [main] INFO  testCases.TC_002LoginTest.verify_login(TC_002LoginTest.java:40)oggger - Login Test Finished
17:25:28.416 [main] DEBUG org.testng.log4testng.Logger.debug(Logger.java:82)oggger - suiteXmlPath: "C:\Users\user\eclipse-workspace\OpencartV121\SanitySuite.xml"
17:25:28.638 [main] INFO  org.testng.log4testng.Logger.info(Logger.java:112)oggger - [TestNG] Running:
  C:\Users\user\eclipse-workspace\OpencartV121\SanitySuite.xml

17:25:30.938 [main] INFO  testCases.TC_002LoginTest.verify_login(TC_002LoginTest.java:19)oggger - **** Login Test Started ******
17:25:32.191 [main] INFO  testCases.TC_002LoginTest.verify_login(TC_002LoginTest.java:40)oggger - Login Test Finished
18:42:31.796 [main] DEBUG org.testng.log4testng.Logger.debug(Logger.java:82)oggger - suiteXmlPath: "C:\Users\user\eclipse-workspace\OpencartV121\groups.xml"
18:42:31.993 [main] INFO  org.testng.log4testng.Logger.info(Logger.java:112)oggger - [TestNG] Running:
  C:\Users\user\eclipse-workspace\OpencartV121\groups.xml

18:43:33.524 [main] DEBUG org.testng.log4testng.Logger.debug(Logger.java:82)oggger - suiteXmlPath: "C:\Users\user\eclipse-workspace\OpencartV121\groups.xml"
