19:51:17.486 [main] INFO  testCases.TC_001AccountRegistration.accountReg(TC_001AccountRegistration.java:31)oggger - ********* clicked on My Registration *********
19:51:17.492 [main] INFO  testCases.TC_001AccountRegistration.accountReg(TC_001AccountRegistration.java:34)oggger - ******Providing customer details.******
19:51:17.974 [main] INFO  testCases.TC_001AccountRegistration.accountReg(TC_001AccountRegistration.java:44)oggger - ******Clicked on continue button******
19:51:20.990 [main] INFO  testCases.TC_001AccountRegistration.accountReg(TC_001AccountRegistration.java:47)oggger - ******Validating expected message******
19:51:20.990 [main] ERROR testCases.TC_001AccountRegistration.accountReg(TC_001AccountRegistration.java:54)oggger - Test Failed..
19:51:20.990 [main] DEBUG testCases.TC_001AccountRegistration.accountReg(TC_001AccountRegistration.java:55)oggger - Debug logs
19:51:21.006 [main] INFO  testCases.TC_001AccountRegistration.accountReg(TC_001AccountRegistration.java:64)oggger - ****** Finished TC_001AccountRegistration *****
19:51:21.306 [main] INFO  org.testng.log4testng.Logger.info(Logger.java:112)oggger - [TestNG] Time taken by org.testng.reporters.jq.Main@14f3c6fc: 62 ms
19:51:21.306 [main] INFO  org.testng.log4testng.Logger.info(Logger.java:112)oggger - [TestNG] Time taken by org.testng.reporters.FailedReporter@16073fa8: 0 ms
19:51:21.306 [main] INFO  org.testng.log4testng.Logger.info(Logger.java:112)oggger - [TestNG] Time taken by org.testng.reporters.XMLReporter@5c82cd4f: 0 ms
19:51:21.321 [main] INFO  org.testng.log4testng.Logger.info(Logger.java:112)oggger - [TestNG] Time taken by org.testng.reporters.EmailableReporter2@3fdecce: 15 ms
19:51:21.329 [main] INFO  org.testng.log4testng.Logger.info(Logger.java:112)oggger - [TestNG] Time taken by org.testng.reporters.JUnitReportReporter@2764c546: 8 ms
19:51:21.329 [main] INFO  org.testng.log4testng.Logger.info(Logger.java:112)oggger - [TestNG] Time taken by org.testng.internal.ExitCodeListener@59496961: 0 ms
19:52:00.360 [main] DEBUG org.testng.log4testng.Logger.debug(Logger.java:82)oggger - suiteXmlPath: "C:\Users\user\AppData\Local\Temp\testng-eclipse--234603647\testng-customsuite.xml"
19:52:00.508 [main] INFO  org.testng.log4testng.Logger.info(Logger.java:112)oggger - [Utils] MethodGroupsHelper.collectMethodsByGroup() took 0 ms.
19:52:00.511 [main] INFO  org.testng.log4testng.Logger.info(Logger.java:112)oggger - [Utils] MethodGroupsHelper.sortMethods() took 2 ms.
19:52:00.512 [main] INFO  org.testng.log4testng.Logger.info(Logger.java:112)oggger - [Utils] MethodGroupsHelper.collectMethodsByGroup() took 0 ms.
19:52:00.512 [main] INFO  org.testng.log4testng.Logger.info(Logger.java:112)oggger - [Utils] MethodGroupsHelper.sortMethods() took 0 ms.
19:52:00.513 [main] INFO  org.testng.log4testng.Logger.info(Logger.java:112)oggger - [Utils] MethodGroupsHelper.collectMethodsByGroup() took 0 ms.
19:52:00.513 [main] INFO  org.testng.log4testng.Logger.info(Logger.java:112)oggger - [Utils] MethodGroupsHelper.sortMethods() took 0 ms.
19:52:00.513 [main] INFO  org.testng.log4testng.Logger.info(Logger.java:112)oggger - [Utils] MethodGroupsHelper.collectMethodsByGroup() took 0 ms.
19:52:00.513 [main] INFO  org.testng.log4testng.Logger.info(Logger.java:112)oggger - [Utils] MethodGroupsHelper.sortMethods() took 0 ms.
19:52:00.518 [main] INFO  org.testng.log4testng.Logger.info(Logger.java:112)oggger - [Utils] MethodGroupsHelper.collectMethodsByGroup() took 3 ms.
19:52:00.525 [main] INFO  org.testng.log4testng.Logger.info(Logger.java:112)oggger - [Utils] MethodGroupsHelper.sortMethods() took 6 ms.
19:52:00.527 [main] INFO  org.testng.log4testng.Logger.info(Logger.java:112)oggger - [Utils] MethodGroupsHelper.collectMethodsByGroup() took 0 ms.
19:52:00.528 [main] INFO  org.testng.log4testng.Logger.info(Logger.java:112)oggger - [Utils] MethodGroupsHelper.sortMethods() took 1 ms.
19:52:00.528 [main] INFO  org.testng.log4testng.Logger.info(Logger.java:112)oggger - [Utils] MethodGroupsHelper.collectMethodsByGroup() took 0 ms.
19:52:00.528 [main] INFO  org.testng.log4testng.Logger.info(Logger.java:112)oggger - [Utils] MethodGroupsHelper.sortMethods() took 0 ms.
19:52:00.529 [main] INFO  org.testng.log4testng.Logger.info(Logger.java:112)oggger - [Utils] MethodGroupsHelper.collectMethodsByGroup() took 0 ms.
19:52:00.529 [main] INFO  org.testng.log4testng.Logger.info(Logger.java:112)oggger - [Utils] MethodGroupsHelper.sortMethods() took 0 ms.
19:52:00.530 [main] INFO  org.testng.log4testng.Logger.info(Logger.java:112)oggger - [Utils] MethodGroupsHelper.collectMethodsByGroup() took 0 ms.
19:52:00.530 [main] INFO  org.testng.log4testng.Logger.info(Logger.java:112)oggger - [Utils] MethodGroupsHelper.sortMethods() took 0 ms.
19:52:00.531 [main] INFO  org.testng.log4testng.Logger.info(Logger.java:112)oggger - [Utils] MethodGroupsHelper.collectMethodsByGroup() took 0 ms.
19:52:00.531 [main] INFO  org.testng.log4testng.Logger.info(Logger.java:112)oggger - [Utils] MethodGroupsHelper.sortMethods() took 0 ms.
